<?xml version="1.0" encoding="UTF-8"?>
<!-- Generated by org.testng.reporters.JUnitReportReporter -->
<testsuite hostname="HP-ProBook-450" failures="0" tests="2" name="Academy.HomePAge" time="84.070" errors="0" timestamp="3 Nov 2020 22:08:09 GMT">
  <testcase classname="Academy.HomePAge" name="basePageNavigation" time="29.445"/>
  <testcase classname="Academy.HomePAge" name="basePageNavigation" time="54.625"/>
</testsuite> <!-- Academy.HomePAge -->
