<?xml version="1.0" encoding="UTF-8"?>
<!-- Generated by org.testng.reporters.JUnitReportReporter -->
<testsuite hostname="HP-ProBook-450" failures="0" tests="1" name="Academy.ValidateNavigationBar" time="5.680" errors="0" timestamp="3 Nov 2020 22:08:09 GMT">
  <testcase classname="Academy.ValidateNavigationBar" name="basePageNavigation" time="5.680"/>
</testsuite> <!-- Academy.ValidateNavigationBar -->
