<?xml version="1.0" encoding="UTF-8"?>
<!-- Generated by org.testng.reporters.JUnitReportReporter -->
<testsuite hostname="HP-ProBook-450" name="Academy.HomePAge" tests="2" failures="0" timestamp="18 Sep 2020 21:59:10 GMT" time="35.320" errors="0">
  <testcase name="basePageNavigation" time="18.409" classname="Academy.HomePAge"/>
  <testcase name="basePageNavigation" time="16.911" classname="Academy.HomePAge"/>
</testsuite> <!-- Academy.HomePAge -->
