<?xml version="1.0" encoding="UTF-8"?>
<!-- Generated by org.testng.reporters.JUnitReportReporter -->
<testsuite hostname="HP-ProBook-450" name="Academy.ValidateNavigationBar" tests="1" failures="0" timestamp="18 Sep 2020 21:16:47 GMT" time="1.537" errors="0">
  <testcase name="basePageNavigation" time="1.537" classname="Academy.ValidateNavigationBar"/>
</testsuite> <!-- Academy.ValidateNavigationBar -->
