<?xml version="1.0" encoding="UTF-8"?>
<!-- Generated by org.testng.reporters.JUnitReportReporter -->
<testsuite skipped="0" hostname="HP-ProBook-450" name="Test.TestOne" tests="1" failures="0" timestamp="2020-08-13T23:04:13 CAT" time="0.002" errors="0">
  <testcase name="testOne" time="0.002" classname="Test.TestOne"/>
  <system-out/>
</testsuite> <!-- Test.TestOne -->
