<?xml version="1.0" encoding="UTF-8"?>
<!-- Generated by org.testng.reporters.JUnitReportReporter -->
<testsuite skipped="0" hostname="HP-ProBook-450" name="Test.BasicsTestNG" tests="4" failures="0" timestamp="2020-08-13T23:04:13 CAT" time="0.022" errors="0">
  <testcase name="demo" time="0.002" classname="Test.BasicsTestNG"/>
  <system-out/>
  <testcase name="SecondTest" time="0.002" classname="Test.BasicsTestNG"/>
  <system-out/>
  <testcase name="SecondTest" time="0.012" classname="Test.BasicsTestNG"/>
  <system-out/>
  <testcase name="SecondTest" time="0.006" classname="Test.BasicsTestNG"/>
  <system-out/>
</testsuite> <!-- Test.BasicsTestNG -->
