<?xml version="1.0" encoding="UTF-8"?>
<!-- Generated by org.testng.reporters.JUnitReportReporter -->
<testsuite skipped="0" hostname="HP-ProBook-450" name="Test.Test4" tests="2" failures="0" timestamp="2020-08-13T23:04:13 CAT" time="0.007" errors="0">
  <testcase name="charlos" time="0.005" classname="Test.Test4"/>
  <system-out/>
  <testcase name="testFour" time="0.002" classname="Test.Test4"/>
  <system-out/>
</testsuite> <!-- Test.Test4 -->
