<?xml version="1.0" encoding="UTF-8"?>
<!-- Generated by org.testng.reporters.JUnitReportReporter -->
<testsuite skipped="0" hostname="HP-ProBook-450" name="Testcases.Loginapplication" tests="1" failures="0" timestamp="2020-08-25T22:00:18 CAT" time="13.946" errors="0">
  <testcase name="Login" time="13.946" classname="Testcases.Loginapplication"/>
  <system-out/>
</testsuite> <!-- Testcases.Loginapplication -->
